nohup: ignoring input
=== DATASET fiqa :: nsga2 ===
  0%|          | 0/57638 [00:00<?, ?it/s] 38%|███▊      | 21794/57638 [00:00<00:00, 217929.82it/s] 77%|███████▋  | 44122/57638 [00:00<00:00, 221071.16it/s]100%|██████████| 57638/57638 [00:00<00:00, 223075.21it/s]
  0%|          | 0/57638 [00:00<?, ?it/s] 40%|███▉      | 23036/57638 [00:00<00:00, 230336.61it/s] 80%|████████  | 46369/57638 [00:00<00:00, 232093.90it/s]100%|██████████| 57638/57638 [00:00<00:00, 233241.03it/s]
  0%|          | 0/57638 [00:00<?, ?it/s] 39%|███▉      | 22688/57638 [00:00<00:00, 226874.27it/s] 79%|███████▊  | 45376/57638 [00:00<00:00, 225436.38it/s]100%|██████████| 57638/57638 [00:00<00:00, 226562.12it/s]
  0%|          | 0/57638 [00:00<?, ?it/s] 27%|██▋       | 15343/57638 [00:00<00:00, 153420.27it/s] 54%|█████▍    | 30988/57638 [00:00<00:00, 155185.09it/s] 81%|████████  | 46507/57638 [00:00<00:00, 154640.63it/s]100%|██████████| 57638/57638 [00:00<00:00, 155705.99it/s]
  0%|          | 0/57638 [00:00<?, ?it/s] 24%|██▎       | 13665/57638 [00:00<00:00, 136643.94it/s] 51%|█████     | 29319/57638 [00:00<00:00, 148343.42it/s] 78%|███████▊  | 44792/57638 [00:00<00:00, 151257.69it/s]100%|██████████| 57638/57638 [00:00<00:00, 151757.45it/s]
  0%|          | 0/57638 [00:00<?, ?it/s] 39%|███▊      | 22294/57638 [00:00<00:00, 222930.65it/s] 77%|███████▋  | 44633/57638 [00:00<00:00, 223197.22it/s]100%|██████████| 57638/57638 [00:00<00:00, 224617.89it/s]
  0%|          | 0/57638 [00:00<?, ?it/s] 20%|██        | 11780/57638 [00:00<00:00, 117790.84it/s] 45%|████▌     | 26114/57638 [00:00<00:00, 132814.88it/s] 71%|███████   | 40675/57638 [00:00<00:00, 138653.48it/s] 97%|█████████▋| 55679/57638 [00:00<00:00, 143145.81it/s]100%|██████████| 57638/57638 [00:00<00:00, 139621.03it/s]
  0%|          | 0/57638 [00:00<?, ?it/s] 38%|███▊      | 22067/57638 [00:00<00:00, 220659.16it/s] 77%|███████▋  | 44504/57638 [00:00<00:00, 222837.09it/s]100%|██████████| 57638/57638 [00:00<00:00, 225261.48it/s]
  0%|          | 0/57638 [00:00<?, ?it/s] 38%|███▊      | 22055/57638 [00:00<00:00, 220521.29it/s] 77%|███████▋  | 44108/57638 [00:00<00:00, 219675.95it/s]100%|██████████| 57638/57638 [00:00<00:00, 222157.86it/s]
  0%|          | 0/57638 [00:00<?, ?it/s] 38%|███▊      | 21618/57638 [00:00<00:00, 216167.84it/s] 76%|███████▋  | 43958/57638 [00:00<00:00, 220418.98it/s]100%|██████████| 57638/57638 [00:00<00:00, 223810.63it/s]
  0%|          | 0/57638 [00:00<?, ?it/s] 35%|███▍      | 20047/57638 [00:00<00:00, 200445.34it/s] 70%|███████   | 40511/57638 [00:00<00:00, 202892.57it/s]100%|██████████| 57638/57638 [00:00<00:00, 204944.49it/s]
  0%|          | 0/57638 [00:00<?, ?it/s] 39%|███▉      | 22494/57638 [00:00<00:00, 224932.17it/s] 78%|███████▊  | 44988/57638 [00:00<00:00, 224866.89it/s]100%|██████████| 57638/57638 [00:00<00:00, 227208.80it/s]
  0%|          | 0/57638 [00:00<?, ?it/s] 27%|██▋       | 15329/57638 [00:00<00:00, 153274.07it/s] 54%|█████▎    | 30913/57638 [00:00<00:00, 154779.77it/s] 80%|████████  | 46391/57638 [00:00<00:00, 154661.41it/s]100%|██████████| 57638/57638 [00:00<00:00, 155523.98it/s]
  0%|          | 0/57638 [00:00<?, ?it/s] 38%|███▊      | 22164/57638 [00:00<00:00, 221632.81it/s] 79%|███████▊  | 45322/57638 [00:00<00:00, 227478.41it/s]100%|██████████| 57638/57638 [00:00<00:00, 229637.02it/s]
  0%|          | 0/57638 [00:00<?, ?it/s] 38%|███▊      | 22041/57638 [00:00<00:00, 220402.85it/s] 78%|███████▊  | 44707/57638 [00:00<00:00, 224079.83it/s]100%|██████████| 57638/57638 [00:00<00:00, 225403.04it/s]
  0%|          | 0/57638 [00:00<?, ?it/s] 38%|███▊      | 21856/57638 [00:00<00:00, 218536.24it/s] 78%|███████▊  | 44731/57638 [00:00<00:00, 224537.89it/s]100%|██████████| 57638/57638 [00:00<00:00, 226131.49it/s]
  0%|          | 0/57638 [00:00<?, ?it/s] 39%|███▉      | 22613/57638 [00:00<00:00, 226113.50it/s] 79%|███████▉  | 45781/57638 [00:00<00:00, 229384.08it/s]100%|██████████| 57638/57638 [00:00<00:00, 230103.02it/s]
  0%|          | 0/57638 [00:00<?, ?it/s] 36%|███▌      | 20548/57638 [00:00<00:00, 205470.40it/s] 76%|███████▌  | 43522/57638 [00:00<00:00, 219742.17it/s]100%|██████████| 57638/57638 [00:00<00:00, 221663.08it/s]
  0%|          | 0/57638 [00:00<?, ?it/s] 39%|███▊      | 22248/57638 [00:00<00:00, 222456.88it/s] 78%|███████▊  | 45081/57638 [00:00<00:00, 225906.88it/s]100%|██████████| 57638/57638 [00:00<00:00, 227456.56it/s]
  0%|          | 0/57638 [00:00<?, ?it/s] 39%|███▊      | 22203/57638 [00:00<00:00, 222021.21it/s] 78%|███████▊  | 45087/57638 [00:00<00:00, 226025.67it/s]100%|██████████| 57638/57638 [00:00<00:00, 227962.31it/s]
  0%|          | 0/57638 [00:00<?, ?it/s] 26%|██▌       | 14858/57638 [00:00<00:00, 148568.45it/s] 52%|█████▏    | 30016/57638 [00:00<00:00, 150331.76it/s] 78%|███████▊  | 45147/57638 [00:00<00:00, 150775.53it/s]100%|██████████| 57638/57638 [00:00<00:00, 151878.63it/s]
  0%|          | 0/57638 [00:00<?, ?it/s] 27%|██▋       | 15306/57638 [00:00<00:00, 153050.66it/s] 53%|█████▎    | 30825/57638 [00:00<00:00, 154304.39it/s] 80%|████████  | 46256/57638 [00:00<00:00, 153671.47it/s]100%|██████████| 57638/57638 [00:00<00:00, 154646.60it/s]
  0%|          | 0/57638 [00:00<?, ?it/s] 39%|███▊      | 22220/57638 [00:00<00:00, 222175.85it/s] 78%|███████▊  | 45127/57638 [00:00<00:00, 226225.78it/s]100%|██████████| 57638/57638 [00:00<00:00, 228263.22it/s]
  0%|          | 0/57638 [00:00<?, ?it/s] 37%|███▋      | 21581/57638 [00:00<00:00, 215780.88it/s] 75%|███████▌  | 43516/57638 [00:00<00:00, 217874.56it/s]100%|██████████| 57638/57638 [00:00<00:00, 218099.10it/s]
  0%|          | 0/57638 [00:00<?, ?it/s] 26%|██▋       | 15182/57638 [00:00<00:00, 151813.63it/s] 53%|█████▎    | 30551/57638 [00:00<00:00, 152914.66it/s] 80%|███████▉  | 45899/57638 [00:00<00:00, 153169.86it/s]100%|██████████| 57638/57638 [00:00<00:00, 154099.40it/s]
  0%|          | 0/57638 [00:00<?, ?it/s] 23%|██▎       | 13118/57638 [00:00<00:00, 131171.37it/s] 46%|████▌     | 26599/57638 [00:00<00:00, 133307.46it/s] 70%|██████▉   | 40160/57638 [00:00<00:00, 134356.24it/s] 93%|█████████▎| 53825/57638 [00:00<00:00, 135256.21it/s]100%|██████████| 57638/57638 [00:00<00:00, 134764.62it/s]
  0%|          | 0/57638 [00:00<?, ?it/s] 26%|██▌       | 15122/57638 [00:00<00:00, 151215.82it/s] 53%|█████▎    | 30542/57638 [00:00<00:00, 152965.06it/s] 80%|███████▉  | 45839/57638 [00:00<00:00, 152520.24it/s]100%|██████████| 57638/57638 [00:00<00:00, 153532.85it/s]
  0%|          | 0/57638 [00:00<?, ?it/s] 35%|███▍      | 19886/57638 [00:00<00:00, 198845.49it/s] 73%|███████▎  | 42284/57638 [00:00<00:00, 213620.59it/s]100%|██████████| 57638/57638 [00:00<00:00, 216715.46it/s]
  0%|          | 0/57638 [00:00<?, ?it/s] 39%|███▊      | 22226/57638 [00:00<00:00, 222239.55it/s] 78%|███████▊  | 44822/57638 [00:00<00:00, 224415.50it/s]100%|██████████| 57638/57638 [00:00<00:00, 225972.54it/s]
  0%|          | 0/57638 [00:00<?, ?it/s] 39%|███▊      | 22206/57638 [00:00<00:00, 222050.15it/s] 77%|███████▋  | 44412/57638 [00:00<00:00, 220127.22it/s]100%|██████████| 57638/57638 [00:00<00:00, 221083.32it/s]
  0%|          | 0/57638 [00:00<?, ?it/s] 31%|███       | 17743/57638 [00:00<00:00, 177413.67it/s] 63%|██████▎   | 36246/57638 [00:00<00:00, 181889.97it/s]100%|██████████| 57638/57638 [00:00<00:00, 195425.64it/s]
  0%|          | 0/57638 [00:00<?, ?it/s] 26%|██▋       | 15248/57638 [00:00<00:00, 152453.97it/s] 53%|█████▎    | 30754/57638 [00:00<00:00, 153982.16it/s] 80%|████████  | 46161/57638 [00:00<00:00, 154017.64it/s]100%|██████████| 57638/57638 [00:00<00:00, 154740.04it/s]
  0%|          | 0/57638 [00:00<?, ?it/s] 38%|███▊      | 22160/57638 [00:00<00:00, 221585.95it/s] 77%|███████▋  | 44669/57638 [00:00<00:00, 223640.33it/s]100%|██████████| 57638/57638 [00:00<00:00, 225886.81it/s]
  0%|          | 0/57638 [00:00<?, ?it/s] 26%|██▌       | 14863/57638 [00:00<00:00, 148604.99it/s] 52%|█████▏    | 29995/57638 [00:00<00:00, 150196.55it/s] 78%|███████▊  | 45015/57638 [00:00<00:00, 149917.32it/s]100%|██████████| 57638/57638 [00:00<00:00, 150954.36it/s]
  0%|          | 0/57638 [00:00<?, ?it/s] 26%|██▌       | 14769/57638 [00:00<00:00, 147681.34it/s] 52%|█████▏    | 29833/57638 [00:00<00:00, 149417.79it/s] 78%|███████▊  | 44805/57638 [00:00<00:00, 149552.92it/s]100%|██████████| 57638/57638 [00:00<00:00, 150638.31it/s]
  0%|          | 0/57638 [00:00<?, ?it/s] 23%|██▎       | 13390/57638 [00:00<00:00, 133893.42it/s] 50%|█████     | 28913/57638 [00:00<00:00, 146436.79it/s] 77%|███████▋  | 44427/57638 [00:00<00:00, 150408.81it/s]100%|██████████| 57638/57638 [00:00<00:00, 150682.07it/s]
  0%|          | 0/57638 [00:00<?, ?it/s] 37%|███▋      | 21472/57638 [00:00<00:00, 214708.94it/s] 76%|███████▌  | 43913/57638 [00:00<00:00, 220406.49it/s]100%|██████████| 57638/57638 [00:00<00:00, 221907.44it/s]
  0%|          | 0/57638 [00:00<?, ?it/s] 17%|█▋        | 9590/57638 [00:00<00:00, 95892.78it/s] 42%|████▏     | 24015/57638 [00:00<00:00, 124331.11it/s] 67%|██████▋   | 38809/57638 [00:00<00:00, 135108.51it/s] 93%|█████████▎| 53671/57638 [00:00<00:00, 140439.51it/s]100%|██████████| 57638/57638 [00:00<00:00, 135119.09it/s]
  0%|          | 0/57638 [00:00<?, ?it/s] 40%|███▉      | 22832/57638 [00:00<00:00, 228300.08it/s] 79%|███████▉  | 45663/57638 [00:00<00:00, 226515.98it/s]100%|██████████| 57638/57638 [00:00<00:00, 227853.81it/s]
  0%|          | 0/57638 [00:00<?, ?it/s] 39%|███▉      | 22337/57638 [00:00<00:00, 223359.56it/s] 78%|███████▊  | 44673/57638 [00:00<00:00, 219331.94it/s]100%|██████████| 57638/57638 [00:00<00:00, 222507.51it/s]
  0%|          | 0/57638 [00:00<?, ?it/s] 27%|██▋       | 15328/57638 [00:00<00:00, 153265.90it/s] 54%|█████▍    | 30982/57638 [00:00<00:00, 155187.50it/s] 81%|████████  | 46501/57638 [00:00<00:00, 154003.07it/s]100%|██████████| 57638/57638 [00:00<00:00, 154661.34it/s]
  0%|          | 0/57638 [00:00<?, ?it/s] 19%|█▉        | 10934/57638 [00:00<00:00, 109330.20it/s] 42%|████▏     | 24112/57638 [00:00<00:00, 122530.39it/s] 65%|██████▍   | 37317/57638 [00:00<00:00, 126873.94it/s] 89%|████████▉ | 51199/57638 [00:00<00:00, 131585.38it/s]100%|██████████| 57638/57638 [00:00<00:00, 129505.51it/s]
  0%|          | 0/57638 [00:00<?, ?it/s] 37%|███▋      | 21386/57638 [00:00<00:00, 213851.03it/s] 75%|███████▍  | 43170/57638 [00:00<00:00, 216191.50it/s]100%|██████████| 57638/57638 [00:00<00:00, 218882.06it/s]
  0%|          | 0/57638 [00:00<?, ?it/s] 38%|███▊      | 22160/57638 [00:00<00:00, 221578.02it/s] 77%|███████▋  | 44318/57638 [00:00<00:00, 220378.00it/s]100%|██████████| 57638/57638 [00:00<00:00, 222919.29it/s]
  0%|          | 0/57638 [00:00<?, ?it/s] 26%|██▋       | 15253/57638 [00:00<00:00, 152518.51it/s] 53%|█████▎    | 30772/57638 [00:00<00:00, 154085.91it/s] 80%|████████  | 46192/57638 [00:00<00:00, 154131.36it/s]100%|██████████| 57638/57638 [00:00<00:00, 154607.53it/s]
  0%|          | 0/57638 [00:00<?, ?it/s] 36%|███▌      | 20491/57638 [00:00<00:00, 204900.42it/s] 72%|███████▏  | 41736/57638 [00:00<00:00, 209337.57it/s]100%|██████████| 57638/57638 [00:00<00:00, 211536.67it/s]
  0%|          | 0/57638 [00:00<?, ?it/s] 26%|██▋       | 15179/57638 [00:00<00:00, 151774.95it/s] 53%|█████▎    | 30631/57638 [00:00<00:00, 153386.69it/s] 80%|███████▉  | 45970/57638 [00:00<00:00, 153184.49it/s]100%|██████████| 57638/57638 [00:00<00:00, 153481.09it/s]
  0%|          | 0/57638 [00:00<?, ?it/s] 33%|███▎      | 18892/57638 [00:00<00:00, 188906.67it/s] 67%|██████▋   | 38705/57638 [00:00<00:00, 194326.39it/s]100%|██████████| 57638/57638 [00:00<00:00, 198967.35it/s]
  0%|          | 0/57638 [00:00<?, ?it/s] 35%|███▍      | 20087/57638 [00:00<00:00, 200860.13it/s] 71%|███████▏  | 41109/57638 [00:00<00:00, 206360.15it/s]100%|██████████| 57638/57638 [00:00<00:00, 205971.91it/s]
  0%|          | 0/57638 [00:00<?, ?it/s] 37%|███▋      | 21059/57638 [00:00<00:00, 210578.15it/s] 75%|███████▍  | 43033/57638 [00:00<00:00, 215962.02it/s]100%|██████████| 57638/57638 [00:00<00:00, 217831.05it/s]
  0%|          | 0/57638 [00:00<?, ?it/s] 26%|██▌       | 15049/57638 [00:00<00:00, 150480.10it/s] 53%|█████▎    | 30508/57638 [00:00<00:00, 152893.63it/s] 80%|███████▉  | 45878/57638 [00:00<00:00, 153257.56it/s]100%|██████████| 57638/57638 [00:00<00:00, 154054.62it/s]
  0%|          | 0/57638 [00:00<?, ?it/s] 37%|███▋      | 21280/57638 [00:00<00:00, 212771.29it/s] 75%|███████▍  | 43057/57638 [00:00<00:00, 215707.43it/s]100%|██████████| 57638/57638 [00:00<00:00, 214745.16it/s]
  0%|          | 0/57638 [00:00<?, ?it/s] 37%|███▋      | 21257/57638 [00:00<00:00, 212556.52it/s] 74%|███████▍  | 42831/57638 [00:00<00:00, 214423.51it/s]100%|██████████| 57638/57638 [00:00<00:00, 215411.24it/s]
  0%|          | 0/57638 [00:00<?, ?it/s] 39%|███▉      | 22394/57638 [00:00<00:00, 223919.93it/s] 79%|███████▊  | 45267/57638 [00:00<00:00, 226745.27it/s]100%|██████████| 57638/57638 [00:00<00:00, 228757.85it/s]
  0%|          | 0/57638 [00:00<?, ?it/s] 40%|███▉      | 22906/57638 [00:00<00:00, 229052.57it/s] 79%|███████▉  | 45812/57638 [00:00<00:00, 226080.46it/s]100%|██████████| 57638/57638 [00:00<00:00, 225981.83it/s]
  0%|          | 0/57638 [00:00<?, ?it/s] 39%|███▊      | 22333/57638 [00:00<00:00, 223316.90it/s] 79%|███████▉  | 45676/57638 [00:00<00:00, 229259.34it/s]100%|██████████| 57638/57638 [00:00<00:00, 228703.96it/s]
  0%|          | 0/57638 [00:00<?, ?it/s] 39%|███▉      | 22409/57638 [00:00<00:00, 224083.27it/s] 78%|███████▊  | 45142/57638 [00:00<00:00, 225984.34it/s]100%|██████████| 57638/57638 [00:00<00:00, 223565.58it/s]
  0%|          | 0/57638 [00:00<?, ?it/s] 26%|██▌       | 14820/57638 [00:00<00:00, 148193.43it/s] 60%|██████    | 34651/57638 [00:00<00:00, 177663.86it/s]100%|█████████▉| 57366/57638 [00:00<00:00, 200257.52it/s]100%|██████████| 57638/57638 [00:00<00:00, 191304.19it/s]
  0%|          | 0/57638 [00:00<?, ?it/s] 38%|███▊      | 21956/57638 [00:00<00:00, 219547.12it/s] 78%|███████▊  | 44746/57638 [00:00<00:00, 224445.79it/s]100%|██████████| 57638/57638 [00:00<00:00, 224117.92it/s]
  0%|          | 0/57638 [00:00<?, ?it/s] 23%|██▎       | 13254/57638 [00:00<00:00, 132523.70it/s] 50%|█████     | 28880/57638 [00:00<00:00, 146480.06it/s] 77%|███████▋  | 44259/57638 [00:00<00:00, 149809.03it/s]100%|██████████| 57638/57638 [00:00<00:00, 149915.10it/s]
[Gen 1/18] | Pareto front size: 5 | Example fitness (first): (-0.492913085567832, 3553.417205810547)
  0%|          | 0/57638 [00:00<?, ?it/s] 23%|██▎       | 13295/57638 [00:00<00:00, 132930.48it/s] 50%|████▉     | 28759/57638 [00:00<00:00, 145697.85it/s] 77%|███████▋  | 44152/57638 [00:00<00:00, 149454.94it/s]100%|██████████| 57638/57638 [00:00<00:00, 149754.54it/s]
  0%|          | 0/57638 [00:00<?, ?it/s] 38%|███▊      | 21953/57638 [00:00<00:00, 219503.00it/s] 78%|███████▊  | 44690/57638 [00:00<00:00, 224127.39it/s]100%|██████████| 57638/57638 [00:00<00:00, 226159.20it/s]
  0%|          | 0/57638 [00:00<?, ?it/s] 35%|███▌      | 20275/57638 [00:00<00:00, 202740.04it/s] 75%|███████▌  | 43473/57638 [00:00<00:00, 219934.55it/s]100%|██████████| 57638/57638 [00:00<00:00, 220976.01it/s]
  0%|          | 0/57638 [00:00<?, ?it/s] 27%|██▋       | 15363/57638 [00:00<00:00, 153619.89it/s] 54%|█████▎    | 30943/57638 [00:00<00:00, 154899.10it/s] 81%|████████  | 46433/57638 [00:00<00:00, 154584.55it/s]100%|██████████| 57638/57638 [00:00<00:00, 155285.02it/s]
  0%|          | 0/57638 [00:00<?, ?it/s] 27%|██▋       | 15325/57638 [00:00<00:00, 153243.20it/s] 54%|█████▎    | 30856/57638 [00:00<00:00, 154453.62it/s] 80%|████████  | 46302/57638 [00:00<00:00, 153815.27it/s]100%|██████████| 57638/57638 [00:00<00:00, 154652.83it/s]
  0%|          | 0/57638 [00:00<?, ?it/s] 26%|██▌       | 15006/57638 [00:00<00:00, 150055.13it/s] 52%|█████▏    | 30083/57638 [00:00<00:00, 150469.39it/s] 78%|███████▊  | 45130/57638 [00:00<00:00, 149802.57it/s]100%|██████████| 57638/57638 [00:00<00:00, 150238.48it/s]
  0%|          | 0/57638 [00:00<?, ?it/s] 26%|██▋       | 15228/57638 [00:00<00:00, 152271.07it/s] 54%|█████▎    | 30894/57638 [00:00<00:00, 154849.56it/s] 92%|█████████▏| 53174/57638 [00:00<00:00, 185872.64it/s]100%|██████████| 57638/57638 [00:00<00:00, 180713.37it/s]
  0%|          | 0/57638 [00:00<?, ?it/s] 24%|██▎       | 13556/57638 [00:00<00:00, 135542.68it/s] 50%|█████     | 29099/57638 [00:00<00:00, 147235.20it/s] 77%|███████▋  | 44554/57638 [00:00<00:00, 150567.00it/s]100%|██████████| 57638/57638 [00:00<00:00, 150761.75it/s]
  0%|          | 0/57638 [00:00<?, ?it/s] 38%|███▊      | 21880/57638 [00:00<00:00, 218786.12it/s] 77%|███████▋  | 44651/57638 [00:00<00:00, 224031.05it/s]100%|██████████| 57638/57638 [00:00<00:00, 226227.35it/s]
  0%|          | 0/57638 [00:00<?, ?it/s] 26%|██▋       | 15270/57638 [00:00<00:00, 152674.67it/s] 53%|█████▎    | 30792/57638 [00:00<00:00, 154168.88it/s] 80%|████████  | 46209/57638 [00:00<00:00, 153899.39it/s]100%|██████████| 57638/57638 [00:00<00:00, 154757.28it/s]
  0%|          | 0/57638 [00:00<?, ?it/s] 36%|███▌      | 20470/57638 [00:00<00:00, 204692.87it/s] 76%|███████▌  | 43546/57638 [00:00<00:00, 220020.52it/s]100%|██████████| 57638/57638 [00:00<00:00, 221199.64it/s]
  0%|          | 0/57638 [00:00<?, ?it/s] 26%|██▋       | 15225/57638 [00:00<00:00, 152244.34it/s] 53%|█████▎    | 30778/57638 [00:00<00:00, 154170.87it/s] 80%|████████  | 46203/57638 [00:00<00:00, 154205.22it/s]100%|██████████| 57638/57638 [00:00<00:00, 155044.61it/s]
  0%|          | 0/57638 [00:00<?, ?it/s] 39%|███▉      | 22390/57638 [00:00<00:00, 223891.67it/s] 79%|███████▉  | 45586/57638 [00:00<00:00, 228632.03it/s]100%|██████████| 57638/57638 [00:00<00:00, 229575.09it/s]
  0%|          | 0/57638 [00:00<?, ?it/s] 36%|███▋      | 20909/57638 [00:00<00:00, 209080.73it/s] 73%|███████▎  | 42291/57638 [00:00<00:00, 211860.58it/s]100%|██████████| 57638/57638 [00:00<00:00, 212427.39it/s]
  0%|          | 0/57638 [00:00<?, ?it/s] 24%|██▍       | 13727/57638 [00:00<00:00, 137262.28it/s] 48%|████▊     | 27776/57638 [00:00<00:00, 139156.29it/s] 72%|███████▏  | 41692/57638 [00:00<00:00, 139033.63it/s] 97%|█████████▋| 55842/57638 [00:00<00:00, 140000.25it/s]100%|██████████| 57638/57638 [00:00<00:00, 139504.52it/s]
  0%|          | 0/57638 [00:00<?, ?it/s] 25%|██▌       | 14695/57638 [00:00<00:00, 146938.23it/s] 51%|█████▏    | 29657/57638 [00:00<00:00, 148506.19it/s] 77%|███████▋  | 44569/57638 [00:00<00:00, 148784.09it/s]100%|██████████| 57638/57638 [00:00<00:00, 149319.52it/s]
  0%|          | 0/57638 [00:00<?, ?it/s] 26%|██▋       | 15269/57638 [00:00<00:00, 152670.49it/s] 53%|█████▎    | 30667/57638 [00:00<00:00, 153435.89it/s] 80%|███████▉  | 46011/57638 [00:00<00:00, 152743.78it/s]100%|██████████| 57638/57638 [00:00<00:00, 153594.21it/s]
  0%|          | 0/57638 [00:00<?, ?it/s] 26%|██▌       | 14710/57638 [00:00<00:00, 147092.07it/s] 51%|█████     | 29420/57638 [00:00<00:00, 142362.05it/s] 76%|███████▌  | 43667/57638 [00:00<00:00, 140875.03it/s]100%|██████████| 57638/57638 [00:00<00:00, 142193.93it/s]
  0%|          | 0/57638 [00:00<?, ?it/s] 26%|██▋       | 15189/57638 [00:00<00:00, 151880.37it/s] 53%|█████▎    | 30616/57638 [00:00<00:00, 153280.92it/s] 80%|███████▉  | 45945/57638 [00:00<00:00, 152982.53it/s]100%|██████████| 57638/57638 [00:00<00:00, 154053.84it/s]
  0%|          | 0/57638 [00:00<?, ?it/s] 37%|███▋      | 21609/57638 [00:00<00:00, 216082.99it/s] 76%|███████▋  | 44005/57638 [00:00<00:00, 220708.85it/s]100%|██████████| 57638/57638 [00:00<00:00, 220885.96it/s]
  0%|          | 0/57638 [00:00<?, ?it/s] 26%|██▋       | 15249/57638 [00:00<00:00, 152470.88it/s] 53%|█████▎    | 30717/57638 [00:00<00:00, 153763.48it/s] 80%|███████▉  | 46094/57638 [00:00<00:00, 153401.47it/s]100%|██████████| 57638/57638 [00:00<00:00, 154128.19it/s]
  0%|          | 0/57638 [00:00<?, ?it/s] 26%|██▋       | 15232/57638 [00:00<00:00, 152314.33it/s] 53%|█████▎    | 30464/57638 [00:00<00:00, 152016.08it/s] 80%|███████▉  | 45897/57638 [00:00<00:00, 153067.09it/s]100%|██████████| 57638/57638 [00:00<00:00, 153892.91it/s]
  0%|          | 0/57638 [00:00<?, ?it/s] 20%|█▉        | 11282/57638 [00:00<00:00, 112793.22it/s] 44%|████▎     | 25136/57638 [00:00<00:00, 127931.77it/s] 68%|██████▊   | 39211/57638 [00:00<00:00, 133780.39it/s] 93%|█████████▎| 53390/57638 [00:00<00:00, 136938.48it/s]100%|██████████| 57638/57638 [00:00<00:00, 134241.91it/s]
  0%|          | 0/57638 [00:00<?, ?it/s] 23%|██▎       | 13417/57638 [00:00<00:00, 134161.81it/s] 47%|████▋     | 27097/57638 [00:00<00:00, 135707.44it/s] 71%|███████   | 40958/57638 [00:00<00:00, 137029.84it/s] 96%|█████████▌| 55186/57638 [00:00<00:00, 139099.64it/s]100%|██████████| 57638/57638 [00:00<00:00, 138086.94it/s]
  0%|          | 0/57638 [00:00<?, ?it/s] 23%|██▎       | 13083/57638 [00:00<00:00, 129770.75it/s] 46%|████▌     | 26452/57638 [00:00<00:00, 132061.53it/s] 70%|███████   | 40409/57638 [00:00<00:00, 135479.20it/s] 95%|█████████▍| 54550/57638 [00:00<00:00, 137810.35it/s]100%|██████████| 57638/57638 [00:00<00:00, 136461.30it/s]
  0%|          | 0/57638 [00:00<?, ?it/s] 37%|███▋      | 21207/57638 [00:00<00:00, 212060.60it/s] 74%|███████▎  | 42414/57638 [00:00<00:00, 209976.91it/s]100%|██████████| 57638/57638 [00:00<00:00, 210234.24it/s]
  0%|          | 0/57638 [00:00<?, ?it/s] 26%|██▋       | 15151/57638 [00:00<00:00, 151497.50it/s] 53%|█████▎    | 30301/57638 [00:00<00:00, 149927.57it/s] 79%|███████▊  | 45306/57638 [00:00<00:00, 149978.67it/s]100%|██████████| 57638/57638 [00:00<00:00, 150786.95it/s]
  0%|          | 0/57638 [00:00<?, ?it/s] 27%|██▋       | 15316/57638 [00:00<00:00, 153146.27it/s] 54%|█████▎    | 30978/57638 [00:00<00:00, 155184.86it/s] 81%|████████  | 46497/57638 [00:00<00:00, 154115.37it/s]100%|██████████| 57638/57638 [00:00<00:00, 154851.25it/s]
  0%|          | 0/57638 [00:00<?, ?it/s] 38%|███▊      | 21671/57638 [00:00<00:00, 216700.39it/s] 76%|███████▋  | 43992/57638 [00:00<00:00, 220522.82it/s]100%|██████████| 57638/57638 [00:00<00:00, 222642.76it/s]
  0%|          | 0/57638 [00:00<?, ?it/s] 24%|██▎       | 13683/57638 [00:00<00:00, 136817.73it/s] 48%|████▊     | 27598/57638 [00:00<00:00, 138186.00it/s] 72%|███████▏  | 41587/57638 [00:00<00:00, 138959.73it/s] 97%|█████████▋| 55816/57638 [00:00<00:00, 140267.35it/s]100%|██████████| 57638/57638 [00:00<00:00, 139561.30it/s]
[Gen 2/18] | Pareto front size: 8 | Example fitness (first): (-0.492913085567832, 3553.417205810547)
  0%|          | 0/57638 [00:00<?, ?it/s] 37%|███▋      | 21394/57638 [00:00<00:00, 213932.04it/s] 75%|███████▍  | 43020/57638 [00:00<00:00, 215289.45it/s]100%|██████████| 57638/57638 [00:00<00:00, 215616.43it/s]
  0%|          | 0/57638 [00:00<?, ?it/s] 39%|███▊      | 22195/57638 [00:00<00:00, 221934.87it/s] 78%|███████▊  | 45211/57638 [00:00<00:00, 226770.63it/s]100%|██████████| 57638/57638 [00:00<00:00, 228292.75it/s]
  0%|          | 0/57638 [00:00<?, ?it/s] 26%|██▋       | 15266/57638 [00:00<00:00, 152652.14it/s] 53%|█████▎    | 30729/57638 [00:00<00:00, 153800.98it/s] 80%|███████▉  | 46110/57638 [00:00<00:00, 153782.90it/s]100%|██████████| 57638/57638 [00:00<00:00, 154806.03it/s]
  0%|          | 0/57638 [00:00<?, ?it/s] 26%|██▋       | 15223/57638 [00:00<00:00, 152222.52it/s] 53%|█████▎    | 30546/57638 [00:00<00:00, 152808.16it/s] 80%|███████▉  | 45827/57638 [00:00<00:00, 152421.29it/s]100%|██████████| 57638/57638 [00:00<00:00, 153447.87it/s]
  0%|          | 0/57638 [00:00<?, ?it/s] 27%|██▋       | 15278/57638 [00:00<00:00, 152769.58it/s] 53%|█████▎    | 30761/57638 [00:00<00:00, 153979.05it/s] 80%|████████  | 46159/57638 [00:00<00:00, 153298.15it/s]100%|██████████| 57638/57638 [00:00<00:00, 154236.94it/s]
  0%|          | 0/57638 [00:00<?, ?it/s] 23%|██▎       | 13368/57638 [00:00<00:00, 133672.16it/s] 50%|████▉     | 28736/57638 [00:00<00:00, 145436.38it/s] 76%|███████▌  | 43893/57638 [00:00<00:00, 148231.61it/s]100%|██████████| 57638/57638 [00:00<00:00, 145744.20it/s]
  0%|          | 0/57638 [00:00<?, ?it/s] 26%|██▌       | 14828/57638 [00:00<00:00, 148246.56it/s] 52%|█████▏    | 29906/57638 [00:00<00:00, 149731.73it/s] 78%|███████▊  | 44880/57638 [00:00<00:00, 149493.74it/s]100%|██████████| 57638/57638 [00:00<00:00, 150462.99it/s]
  0%|          | 0/57638 [00:00<?, ?it/s] 39%|███▊      | 22319/57638 [00:00<00:00, 223173.19it/s] 77%|███████▋  | 44637/57638 [00:00<00:00, 222605.39it/s]100%|██████████| 57638/57638 [00:00<00:00, 224621.02it/s]
  0%|          | 0/57638 [00:00<?, ?it/s] 40%|███▉      | 22770/57638 [00:00<00:00, 227688.27it/s] 80%|███████▉  | 46039/57638 [00:00<00:00, 230626.98it/s]100%|██████████| 57638/57638 [00:00<00:00, 232766.73it/s]
  0%|          | 0/57638 [00:00<?, ?it/s] 38%|███▊      | 21655/57638 [00:00<00:00, 216533.69it/s] 77%|███████▋  | 44428/57638 [00:00<00:00, 223113.42it/s]100%|██████████| 57638/57638 [00:00<00:00, 225050.31it/s]
Traceback (most recent call last):
  File "/root/final_project/rag_pipeline/pipeline.py", line 222, in save
    json.dump({"texts": chunk_texts, "doc_ids": chunk_doc_ids}, f)
  File "/usr/lib/python3.12/json/__init__.py", line 180, in dump
    fp.write(chunk)
OSError: [Errno 28] No space left on device

During handling of the above exception, another exception occurred:

OSError: [Errno 28] No space left on device

During handling of the above exception, another exception occurred:

Traceback (most recent call last):
  File "/root/final_project/run_nsga_only.py", line 13, in <module>
    main()
  File "/root/final_project/run_nsga_only.py", line 8, in main
    run_nsga(ds)
  File "/root/final_project/rag_runner.py", line 70, in run_nsga
    pareto, pf_fit, _, _ = run_nsga2(
                           ^^^^^^^^^^
  File "/root/final_project/NSGA2/nsga2_core.py", line 212, in run_nsga2
    offspring_fitnesses = [eval_fn(ind) for ind in offspring]
                           ^^^^^^^^^^^^
  File "/root/final_project/rag_runner.py", line 33, in eval_chromosome
    res = evaluate_config(cfg, dataset=dataset, use_dummy=use_dummy, return_details=True)
          ^^^^^^^^^^^^^^^^^^^^^^^^^^^^^^^^^^^^^^^^^^^^^^^^^^^^^^^^^^^^^^^^^^^^^^^^^^^^^^^
  File "/root/final_project/rag_pipeline/pipeline.py", line 513, in evaluate_config
    result = evaluator.run(config)
             ^^^^^^^^^^^^^^^^^^^^^
  File "/root/final_project/rag_pipeline/pipeline.py", line 421, in run
    self.cache.save(self.dataset, config, chunk_texts, chunk_doc_ids, embeddings, index, self.use_dummy)
  File "/root/final_project/rag_pipeline/pipeline.py", line 221, in save
    with open(path / "chunks.json", "w", encoding="utf-8") as f:
OSError: [Errno 28] No space left on device
